[debug] [2017-08-22T09:32:49.375Z] ----------------------------------------------------------------------
[debug] [2017-08-22T09:32:49.379Z] Command:       C:\Users\ebarpas\programs\nodejs\node.exe C:\Users\ebarpas\AppData\Roaming\npm\node_modules\firebase-tools\bin\firebase deploy
[debug] [2017-08-22T09:32:49.379Z] CLI Version:   3.9.2
[debug] [2017-08-22T09:32:49.379Z] Platform:      win32
[debug] [2017-08-22T09:32:49.379Z] Node Version:  v6.11.1
[debug] [2017-08-22T09:32:49.380Z] Time:          Tue Aug 22 2017 11:32:49 GMT+0200 (Central European Daylight Time)
[debug] [2017-08-22T09:32:49.380Z] ----------------------------------------------------------------------
[debug] 
[debug] [2017-08-22T09:32:49.400Z] > command requires scopes: ["email","openid","https://www.googleapis.com/auth/cloudplatformprojects.readonly","https://www.googleapis.com/auth/firebase","https://www.googleapis.com/auth/cloud-platform"]
[debug] [2017-08-22T09:32:49.401Z] > authorizing via signed-in user
[debug] [2017-08-22T09:32:49.406Z] >>> HTTP REQUEST GET https://admin.firebase.com/v1/projects/angular-test-e5dab  
 Tue Aug 22 2017 11:32:49 GMT+0200 (Central European Daylight Time)
[debug] [2017-08-22T09:32:50.332Z] <<< HTTP RESPONSE 200
[debug] [2017-08-22T09:32:50.334Z] >>> HTTP REQUEST GET https://admin.firebase.com/v1/database/angular-test-e5dab/tokens  
 Tue Aug 22 2017 11:32:50 GMT+0200 (Central European Daylight Time)
[debug] [2017-08-22T09:32:51.005Z] <<< HTTP RESPONSE 200
[info] 
[info] === Deploying to 'angular-test-e5dab'...
[info] 
[info] i  deploying hosting
[info] i  hosting: preparing dist directory for upload...
[debug] [2017-08-22T09:32:53.562Z] >>> HTTP REQUEST PUT https://deploy.firebase.com/v1/hosting/angular-test-e5dab/uploads/-Ks8HOtgNcwLSdVfqLUQ?fileCount=9&message=  
 Tue Aug 22 2017 11:32:53 GMT+0200 (Central European Daylight Time)
[debug] [2017-08-22T09:32:56.339Z] <<< HTTP RESPONSE 200
[debug] [2017-08-22T09:32:56.339Z] [hosting] .tgz uploaded successfully, waiting for extraction
[error] 
[error] Error: File upload failed: Deploy failed.
[debug] [2017-08-22T09:33:46.312Z] Error Context: {
  "duration": 49849,
  "fileCount": 9,
  "ip": "193.105.24.126",
  "start": 1503394375952,
  "status": "failed",
  "statusMessage": "Deploy failed.",
  "uid": "112018897132838711577",
  "uploadedCount": 9,
  "user": {
    "email": "thavis93@gmail.com",
    "gaiaId": "112018897132838711577",
    "image": "https://lh5.googleusercontent.com/-L1k3-OHUSb4/AAAAAAAAAAI/AAAAAAAAFqQ/nMCGyg0eba0/photo.jpg"
  }
}
